<?xml version="1.0" encoding="UTF-8"?>
<coverage generated="1784234864630" clover="3.2.0">
  <project timestamp="1784234864630" name="All files">
    <metrics statements="43" coveredstatements="42" conditionals="40" coveredconditionals="26" methods="9" coveredmethods="9" elements="92" coveredelements="77" complexity="0" loc="43" ncloc="43" packages="3" files="5" classes="5"/>
    <package name="src">
      <metrics statements="19" coveredstatements="19" conditionals="12" coveredconditionals="6" methods="2" coveredmethods="2"/>
      <file name="FirstStepsApp.tsx" path="C:\Users\frank.garzon\Desktop\React\02-first-steps\src\FirstStepsApp.tsx">
        <metrics statements="5" coveredstatements="5" conditionals="2" coveredconditionals="1" methods="1" coveredmethods="1"/>
        <line num="8" count="1" type="stmt"/>
        <line num="14" count="3" type="cond" truecount="1" falsecount="1"/>
        <line num="17" count="3" type="stmt"/>
        <line num="20" count="9" type="stmt"/>
        <line num="27" count="3" type="stmt"/>
      </file>
      <file name="MyAwesomeApp.tsx" path="C:\Users\frank.garzon\Desktop\React\02-first-steps\src\MyAwesomeApp.tsx">
        <metrics statements="14" coveredstatements="14" conditionals="10" coveredconditionals="5" methods="1" coveredmethods="1"/>
        <line num="4" count="1" type="stmt"/>
        <line num="5" count="1" type="stmt"/>
        <line num="8" count="1" type="stmt"/>
        <line num="9" count="1" type="stmt"/>
        <line num="11" count="1" type="stmt"/>
        <line num="16" count="1" type="stmt"/>
        <line num="23" count="4" type="cond" truecount="1" falsecount="1"/>
        <line num="25" count="4" type="stmt"/>
        <line num="26" count="4" type="stmt"/>
        <line num="27" count="4" type="cond" truecount="1" falsecount="1"/>
        <line num="28" count="4" type="stmt"/>
        <line num="30" count="4" type="cond" truecount="1" falsecount="1"/>
        <line num="32" count="4" type="cond" truecount="2" falsecount="2"/>
        <line num="39" count="4" type="stmt"/>
      </file>
    </package>
    <package name="src.helpers">
      <metrics statements="8" coveredstatements="8" conditionals="0" coveredconditionals="0" methods="4" coveredmethods="4"/>
      <file name="math.helpers.ts" path="C:\Users\frank.garzon\Desktop\React\02-first-steps\src\helpers\math.helpers.ts">
        <metrics statements="8" coveredstatements="8" conditionals="0" coveredconditionals="0" methods="4" coveredmethods="4"/>
        <line num="1" count="1" type="stmt"/>
        <line num="4" count="1" type="stmt"/>
        <line num="7" count="1" type="stmt"/>
        <line num="8" count="1" type="stmt"/>
        <line num="11" count="1" type="stmt"/>
        <line num="12" count="1" type="stmt"/>
        <line num="15" count="1" type="stmt"/>
        <line num="16" count="1" type="stmt"/>
      </file>
    </package>
    <package name="src.shopping_cart">
      <metrics statements="16" coveredstatements="15" conditionals="28" coveredconditionals="20" methods="3" coveredmethods="3"/>
      <file name="ItemCounter.tsx" path="C:\Users\frank.garzon\Desktop\React\02-first-steps\src\shopping_cart\ItemCounter.tsx">
        <metrics statements="16" coveredstatements="15" conditionals="28" coveredconditionals="20" methods="3" coveredmethods="3"/>
        <line num="23" count="8" type="cond" truecount="2" falsecount="0"/>
        <line num="25" count="8" type="cond" truecount="1" falsecount="1"/>
        <line num="26" count="8" type="stmt"/>
        <line num="27" count="1" type="stmt"/>
        <line num="28" count="8" type="cond" truecount="1" falsecount="1"/>
        <line num="30" count="8" type="stmt"/>
        <line num="31" count="2" type="cond" truecount="2" falsecount="0"/>
        <line num="32" count="1" type="stmt"/>
        <line num="33" count="0" type="stmt"/>
        <line num="35" count="8" type="stmt"/>
        <line num="36" count="7" type="stmt"/>
        <line num="37" count="8" type="cond" truecount="9" falsecount="1"/>
        <line num="38" count="8" type="cond" truecount="1" falsecount="1"/>
        <line num="39" count="8" type="cond" truecount="1" falsecount="1"/>
        <line num="40" count="8" type="cond" truecount="3" falsecount="3"/>
        <line num="41" count="8" type="stmt"/>
      </file>
      <file name="itemCounter.css" path="C:\Users\frank.garzon\Desktop\React\02-first-steps\src\shopping_cart\itemCounter.css">
        <metrics statements="0" coveredstatements="0" conditionals="0" coveredconditionals="0" methods="0" coveredmethods="0"/>
      </file>
    </package>
  </project>
</coverage>
