{"C:\\Users\\frank.garzon\\Desktop\\React\\02-first-steps\\src\\FirstStepsApp.tsx": {"path":"C:\\Users\\frank.garzon\\Desktop\\React\\02-first-steps\\src\\FirstStepsApp.tsx","statementMap":{"0":{"start":{"line":8,"column":34},"end":{"line":11,"column":null}},"1":{"start":{"line":14,"column":7},"end":{"line":14,"column":null}},"2":{"start":{"line":14,"column":7},"end":{"line":27,"column":null}},"3":{"start":{"line":17,"column":8},"end":{"line":22,"column":null}},"4":{"start":{"line":27,"column":11},"end":{"line":27,"column":null}},"5":{"start":{"line":27,"column":11},"end":{"line":17,"column":null}},"6":{"start":{"line":20,"column":24},"end":{"line":20,"column":47}},"7":{"start":{"line":20,"column":47},"end":{"line":21,"column":81}}},"fnMap":{"0":{"name":"FirstStepsApp","decl":{"start":{"line":14,"column":7},"end":{"line":14,"column":null}},"loc":{"start":{"line":14,"column":7},"end":{"line":27,"column":null}},"line":14}},"branchMap":{"0":{"loc":{"start":{"line":14,"column":7},"end":{"line":27,"column":null}},"type":"if","locations":[{"start":{"line":14,"column":7},"end":{"line":27,"column":null}},{"start":{"line":27,"column":11},"end":{"line":27,"column":null}}],"line":14}},"s":{"0":1,"1":3,"2":3,"3":3,"4":0,"5":3,"6":9,"7":9},"f":{"0":12},"b":{"0":[3,0]},"meta":{"lastBranch":1,"lastFunction":1,"lastStatement":8,"seen":{"s:8:34:11:Infinity":0,"f:14:7:14:Infinity":0,"s:14:7:14:Infinity":1,"b:14:7:27:Infinity:27:11:27:Infinity":0,"s:14:7:27:Infinity":2,"s:17:8:22:Infinity":3,"s:27:11:27:Infinity":4,"s:27:11:17:Infinity":5,"s:20:24:20:47":6,"s:20:47:21:81":7},"fnNames":{}}}
,"C:\\Users\\frank.garzon\\Desktop\\React\\02-first-steps\\src\\MyAwesomeApp.tsx": {"path":"C:\\Users\\frank.garzon\\Desktop\\React\\02-first-steps\\src\\MyAwesomeApp.tsx","statementMap":{"0":{"start":{"line":4,"column":18},"end":{"line":4,"column":null}},"1":{"start":{"line":5,"column":17},"end":{"line":5,"column":null}},"2":{"start":{"line":8,"column":22},"end":{"line":8,"column":null}},"3":{"start":{"line":9,"column":17},"end":{"line":9,"column":null}},"4":{"start":{"line":11,"column":17},"end":{"line":14,"column":null}},"5":{"start":{"line":16,"column":31},"end":{"line":21,"column":null}},"6":{"start":{"line":23,"column":13},"end":{"line":39,"column":null}},"7":{"start":{"line":23,"column":28},"end":{"line":23,"column":null}},"8":{"start":{"line":23,"column":28},"end":{"line":27,"column":null}},"9":{"start":{"line":26,"column":8},"end":{"line":26,"column":null}},"10":{"start":{"line":27,"column":8},"end":{"line":27,"column":null}},"11":{"start":{"line":27,"column":27},"end":{"line":27,"column":null}},"12":{"start":{"line":27,"column":27},"end":{"line":30,"column":null}},"13":{"start":{"line":28,"column":8},"end":{"line":28,"column":null}},"14":{"start":{"line":30,"column":8},"end":{"line":30,"column":null}},"15":{"start":{"line":30,"column":22},"end":{"line":30,"column":null}},"16":{"start":{"line":30,"column":22},"end":{"line":32,"column":null}},"17":{"start":{"line":32,"column":8},"end":{"line":32,"column":null}},"18":{"start":{"line":32,"column":52},"end":{"line":32,"column":null}},"19":{"start":{"line":32,"column":52},"end":{"line":39,"column":null}},"20":{"start":{"line":25,"column":8},"end":{"line":39,"column":null}},"21":{"start":{"line":39,"column":14},"end":{"line":39,"column":null}},"22":{"start":{"line":39,"column":14},"end":{"line":25,"column":25}}},"fnMap":{"0":{"name":"(anonymous_0)","decl":{"start":{"line":23,"column":13},"end":{"line":23,"column":28}},"loc":{"start":{"line":23,"column":28},"end":{"line":39,"column":null}},"line":23}},"branchMap":{"0":{"loc":{"start":{"line":23,"column":28},"end":{"line":27,"column":null}},"type":"if","locations":[{"start":{"line":23,"column":28},"end":{"line":27,"column":null}},{"start":{"line":27,"column":27},"end":{"line":27,"column":null}}],"line":23},"1":{"loc":{"start":{"line":27,"column":27},"end":{"line":30,"column":null}},"type":"if","locations":[{"start":{"line":27,"column":27},"end":{"line":30,"column":null}},{"start":{"line":30,"column":22},"end":{"line":30,"column":null}}],"line":27},"2":{"loc":{"start":{"line":30,"column":22},"end":{"line":32,"column":null}},"type":"if","locations":[{"start":{"line":30,"column":22},"end":{"line":32,"column":null}},{"start":{"line":32,"column":52},"end":{"line":32,"column":null}}],"line":30},"3":{"loc":{"start":{"line":32,"column":13},"end":{"line":32,"column":52}},"type":"cond-expr","locations":[{"start":{"line":32,"column":13},"end":{"line":32,"column":52}},{"start":{"line":32,"column":13},"end":{"line":32,"column":52}}],"line":32},"4":{"loc":{"start":{"line":32,"column":52},"end":{"line":39,"column":null}},"type":"if","locations":[{"start":{"line":32,"column":52},"end":{"line":39,"column":null}},{"start":{"line":39,"column":14},"end":{"line":39,"column":null}}],"line":32}},"s":{"0":1,"1":1,"2":1,"3":1,"4":1,"5":1,"6":1,"7":4,"8":4,"9":4,"10":4,"11":0,"12":4,"13":4,"14":4,"15":0,"16":4,"17":4,"18":0,"19":4,"20":4,"21":0,"22":4},"f":{"0":4},"b":{"0":[4,0],"1":[4,0],"2":[4,0],"3":[0,4],"4":[4,0]},"meta":{"lastBranch":5,"lastFunction":1,"lastStatement":23,"seen":{"s:4:18:4:Infinity":0,"s:5:17:5:Infinity":1,"s:8:22:8:Infinity":2,"s:9:17:9:Infinity":3,"s:11:17:14:Infinity":4,"s:16:31:21:Infinity":5,"s:23:13:39:Infinity":6,"f:23:13:23:28":0,"s:23:28:23:Infinity":7,"b:23:28:27:Infinity:27:27:27:Infinity":0,"s:23:28:27:Infinity":8,"s:26:8:26:Infinity":9,"s:27:8:27:Infinity":10,"s:27:27:27:Infinity":11,"b:27:27:30:Infinity:30:22:30:Infinity":1,"s:27:27:30:Infinity":12,"s:28:8:28:Infinity":13,"s:30:8:30:Infinity":14,"s:30:22:30:Infinity":15,"b:30:22:32:Infinity:32:52:32:Infinity":2,"s:30:22:32:Infinity":16,"s:32:8:32:Infinity":17,"b:32:13:32:52:32:13:32:52":3,"s:32:52:32:Infinity":18,"b:32:52:39:Infinity:39:14:39:Infinity":4,"s:32:52:39:Infinity":19,"s:25:8:39:Infinity":20,"s:39:14:39:Infinity":21,"s:39:14:25:25":22},"fnNames":{}}}
,"C:\\Users\\frank.garzon\\Desktop\\React\\02-first-steps\\src\\helpers\\math.helpers.ts": {"path":"C:\\Users\\frank.garzon\\Desktop\\React\\02-first-steps\\src\\helpers\\math.helpers.ts","statementMap":{"0":{"start":{"line":1,"column":13},"end":{"line":5,"column":null}},"1":{"start":{"line":4,"column":4},"end":{"line":4,"column":null}},"2":{"start":{"line":7,"column":13},"end":{"line":9,"column":null}},"3":{"start":{"line":8,"column":4},"end":{"line":8,"column":null}},"4":{"start":{"line":11,"column":13},"end":{"line":13,"column":null}},"5":{"start":{"line":12,"column":4},"end":{"line":12,"column":null}},"6":{"start":{"line":15,"column":13},"end":{"line":17,"column":null}},"7":{"start":{"line":16,"column":4},"end":{"line":16,"column":null}}},"fnMap":{"0":{"name":"(anonymous_0)","decl":{"start":{"line":1,"column":13},"end":{"line":1,"column":20}},"loc":{"start":{"line":1,"column":45},"end":{"line":5,"column":null}},"line":1},"1":{"name":"(anonymous_1)","decl":{"start":{"line":7,"column":13},"end":{"line":7,"column":25}},"loc":{"start":{"line":7,"column":50},"end":{"line":9,"column":null}},"line":7},"2":{"name":"(anonymous_2)","decl":{"start":{"line":11,"column":13},"end":{"line":11,"column":25}},"loc":{"start":{"line":11,"column":50},"end":{"line":13,"column":null}},"line":11},"3":{"name":"(anonymous_3)","decl":{"start":{"line":15,"column":13},"end":{"line":15,"column":23}},"loc":{"start":{"line":15,"column":48},"end":{"line":17,"column":null}},"line":15}},"branchMap":{},"s":{"0":1,"1":1,"2":1,"3":1,"4":1,"5":1,"6":1,"7":1},"f":{"0":1,"1":1,"2":1,"3":1},"b":{},"meta":{"lastBranch":0,"lastFunction":4,"lastStatement":8,"seen":{"s:1:13:5:Infinity":0,"f:1:13:1:20":0,"s:4:4:4:Infinity":1,"s:7:13:9:Infinity":2,"f:7:13:7:25":1,"s:8:4:8:Infinity":3,"s:11:13:13:Infinity":4,"f:11:13:11:25":2,"s:12:4:12:Infinity":5,"s:15:13:17:Infinity":6,"f:15:13:15:23":3,"s:16:4:16:Infinity":7},"fnNames":{}}}
,"C:\\Users\\frank.garzon\\Desktop\\React\\02-first-steps\\src\\shopping_cart\\ItemCounter.tsx": {"path":"C:\\Users\\frank.garzon\\Desktop\\React\\02-first-steps\\src\\shopping_cart\\ItemCounter.tsx","statementMap":{"0":{"start":{"line":23,"column":13},"end":{"line":41,"column":null}},"1":{"start":{"line":23,"column":27},"end":{"line":23,"column":28}},"2":{"start":{"line":23,"column":28},"end":{"line":23,"column":35}},"3":{"start":{"line":23,"column":35},"end":{"line":23,"column":null}},"4":{"start":{"line":25,"column":4},"end":{"line":25,"column":49}},"5":{"start":{"line":25,"column":49},"end":{"line":28,"column":6}},"6":{"start":{"line":26,"column":24},"end":{"line":27,"column":null}},"7":{"start":{"line":27,"column":8},"end":{"line":27,"column":27}},"8":{"start":{"line":28,"column":5},"end":{"line":28,"column":6}},"9":{"start":{"line":26,"column":24},"end":{"line":26,"column":null}},"10":{"start":{"line":28,"column":6},"end":{"line":33,"column":null}},"11":{"start":{"line":30,"column":27},"end":{"line":32,"column":null}},"12":{"start":{"line":31,"column":8},"end":{"line":31,"column":null}},"13":{"start":{"line":31,"column":22},"end":{"line":31,"column":null}},"14":{"start":{"line":32,"column":8},"end":{"line":32,"column":27}},"15":{"start":{"line":33,"column":5},"end":{"line":33,"column":null}},"16":{"start":{"line":30,"column":27},"end":{"line":30,"column":null}},"17":{"start":{"line":37,"column":19},"end":{"line":37,"column":29}},"18":{"start":{"line":37,"column":48},"end":{"line":37,"column":51}},"19":{"start":{"line":37,"column":11},"end":{"line":37,"column":49}},"20":{"start":{"line":37,"column":49},"end":{"line":37,"column":51}},"21":{"start":{"line":37,"column":49},"end":{"line":37,"column":null}},"22":{"start":{"line":36,"column":4},"end":{"line":37,"column":null}},"23":{"start":{"line":37,"column":66},"end":{"line":37,"column":null}},"24":{"start":{"line":37,"column":66},"end":{"line":38,"column":null}},"25":{"start":{"line":38,"column":4},"end":{"line":38,"column":null}},"26":{"start":{"line":38,"column":47},"end":{"line":38,"column":null}},"27":{"start":{"line":38,"column":47},"end":{"line":39,"column":null}},"28":{"start":{"line":39,"column":4},"end":{"line":39,"column":null}},"29":{"start":{"line":39,"column":26},"end":{"line":39,"column":null}},"30":{"start":{"line":39,"column":26},"end":{"line":40,"column":null}},"31":{"start":{"line":40,"column":4},"end":{"line":40,"column":null}},"32":{"start":{"line":40,"column":50},"end":{"line":40,"column":null}},"33":{"start":{"line":40,"column":50},"end":{"line":41,"column":null}},"34":{"start":{"line":35,"column":4},"end":{"line":41,"column":null}},"35":{"start":{"line":41,"column":14},"end":{"line":41,"column":null}},"36":{"start":{"line":41,"column":14},"end":{"line":35,"column":23}}},"fnMap":{"0":{"name":"(anonymous_0)","decl":{"start":{"line":23,"column":13},"end":{"line":23,"column":27}},"loc":{"start":{"line":23,"column":27},"end":{"line":41,"column":null}},"line":23},"1":{"name":"(anonymous_1)","decl":{"start":{"line":26,"column":24},"end":{"line":26,"column":null}},"loc":{"start":{"line":26,"column":24},"end":{"line":27,"column":null}},"line":26},"2":{"name":"(anonymous_2)","decl":{"start":{"line":30,"column":27},"end":{"line":30,"column":null}},"loc":{"start":{"line":30,"column":27},"end":{"line":32,"column":null}},"line":30}},"branchMap":{"0":{"loc":{"start":{"line":23,"column":35},"end":{"line":23,"column":null}},"type":"cond-expr","locations":[{"start":{"line":23,"column":35},"end":{"line":23,"column":null}},{"start":{"line":23,"column":35},"end":{"line":23,"column":null}}],"line":23},"1":{"loc":{"start":{"line":25,"column":49},"end":{"line":28,"column":6}},"type":"if","locations":[{"start":{"line":25,"column":49},"end":{"line":28,"column":6}},{"start":{"line":28,"column":5},"end":{"line":28,"column":6}}],"line":25},"2":{"loc":{"start":{"line":28,"column":6},"end":{"line":33,"column":null}},"type":"if","locations":[{"start":{"line":28,"column":6},"end":{"line":33,"column":null}},{"start":{"line":33,"column":5},"end":{"line":33,"column":null}}],"line":28},"3":{"loc":{"start":{"line":31,"column":8},"end":{"line":31,"column":null}},"type":"if","locations":[{"start":{"line":31,"column":8},"end":{"line":31,"column":null}},{"start":{},"end":{}}],"line":31},"4":{"loc":{"start":{"line":37,"column":19},"end":{"line":37,"column":29}},"type":"cond-expr","locations":[{"start":{"line":37,"column":19},"end":{"line":37,"column":29}},{"start":{"line":37,"column":19},"end":{"line":37,"column":29}}],"line":37},"5":{"loc":{"start":{"line":37,"column":48},"end":{"line":37,"column":51}},"type":"if","locations":[{"start":{"line":37,"column":48},"end":{"line":37,"column":51}},{"start":{"line":37,"column":49},"end":{"line":37,"column":51}}],"line":37},"6":{"loc":{"start":{"line":37,"column":49},"end":{"line":37,"column":null}},"type":"if","locations":[{"start":{"line":37,"column":49},"end":{"line":37,"column":null}},{"start":{"line":37,"column":66},"end":{"line":37,"column":null}}],"line":37},"7":{"loc":{"start":{"line":37,"column":49},"end":{"line":37,"column":51}},"type":"binary-expr","locations":[{"start":{"line":37,"column":49},"end":{"line":37,"column":51}},{"start":{"line":37,"column":49},"end":{"line":37,"column":51}}],"line":37},"8":{"loc":{"start":{"line":37,"column":66},"end":{"line":38,"column":null}},"type":"if","locations":[{"start":{"line":37,"column":66},"end":{"line":38,"column":null}},{"start":{"line":38,"column":47},"end":{"line":38,"column":null}}],"line":37},"9":{"loc":{"start":{"line":38,"column":47},"end":{"line":39,"column":null}},"type":"if","locations":[{"start":{"line":38,"column":47},"end":{"line":39,"column":null}},{"start":{"line":39,"column":26},"end":{"line":39,"column":null}}],"line":38},"10":{"loc":{"start":{"line":39,"column":26},"end":{"line":40,"column":null}},"type":"if","locations":[{"start":{"line":39,"column":26},"end":{"line":40,"column":null}},{"start":{"line":40,"column":50},"end":{"line":40,"column":null}}],"line":39},"11":{"loc":{"start":{"line":40,"column":50},"end":{"line":41,"column":null}},"type":"if","locations":[{"start":{"line":40,"column":50},"end":{"line":41,"column":null}},{"start":{"line":41,"column":14},"end":{"line":41,"column":null}}],"line":40},"12":{"loc":{"start":{"line":40,"column":50},"end":{"line":40,"column":null}},"type":"binary-expr","locations":[{"start":{"line":40,"column":50},"end":{"line":40,"column":null}},{"start":{"line":40,"column":50},"end":{"line":40,"column":null}},{"start":{"line":40,"column":50},"end":{"line":40,"column":null}},{"start":{"line":40,"column":50},"end":{"line":40,"column":null}}],"line":40}},"s":{"0":1,"1":8,"2":8,"3":8,"4":8,"5":8,"6":8,"7":1,"8":0,"9":8,"10":8,"11":8,"12":2,"13":1,"14":1,"15":0,"16":8,"17":8,"18":8,"19":7,"20":1,"21":8,"22":7,"23":1,"24":8,"25":8,"26":0,"27":8,"28":8,"29":0,"30":8,"31":8,"32":0,"33":8,"34":8,"35":0,"36":8},"f":{"0":8,"1":1,"2":2},"b":{"0":[1,7],"1":[8,0],"2":[8,0],"3":[1,1],"4":[4,4],"5":[7,1],"6":[7,1],"7":[8,2],"8":[8,0],"9":[8,0],"10":[8,0],"11":[8,0],"12":[8,1,0,0]},"meta":{"lastBranch":13,"lastFunction":3,"lastStatement":37,"seen":{"s:23:13:41:Infinity":0,"f:23:13:23:27":0,"s:23:27:23:28":1,"s:23:28:23:35":2,"s:23:35:23:Infinity":3,"b:23:35:23:Infinity:23:35:23:Infinity":0,"s:25:4:25:49":4,"b:25:49:28:6:28:5:28:6":1,"s:25:49:28:6":5,"s:26:24:27:Infinity":6,"f:26:24:26:Infinity":1,"s:27:8:27:27":7,"s:28:5:28:6":8,"s:26:24:26:Infinity":9,"b:28:6:33:Infinity:33:5:33:Infinity":2,"s:28:6:33:Infinity":10,"s:30:27:32:Infinity":11,"f:30:27:30:Infinity":2,"b:31:8:31:Infinity:undefined:undefined:undefined:undefined":3,"s:31:8:31:Infinity":12,"s:31:22:31:Infinity":13,"s:32:8:32:27":14,"s:33:5:33:Infinity":15,"s:30:27:30:Infinity":16,"s:37:19:37:29":17,"b:37:19:37:29:37:19:37:29":4,"b:37:48:37:51:37:49:37:51":5,"s:37:48:37:51":18,"s:37:11:37:49":19,"s:37:49:37:51":20,"b:37:49:37:Infinity:37:66:37:Infinity":6,"s:37:49:37:Infinity":21,"b:37:49:37:51:37:49:37:51":7,"s:36:4:37:Infinity":22,"s:37:66:37:Infinity":23,"b:37:66:38:Infinity:38:47:38:Infinity":8,"s:37:66:38:Infinity":24,"s:38:4:38:Infinity":25,"s:38:47:38:Infinity":26,"b:38:47:39:Infinity:39:26:39:Infinity":9,"s:38:47:39:Infinity":27,"s:39:4:39:Infinity":28,"s:39:26:39:Infinity":29,"b:39:26:40:Infinity:40:50:40:Infinity":10,"s:39:26:40:Infinity":30,"s:40:4:40:Infinity":31,"s:40:50:40:Infinity":32,"b:40:50:41:Infinity:41:14:41:Infinity":11,"s:40:50:41:Infinity":33,"b:40:50:40:Infinity:40:50:40:Infinity:40:50:40:Infinity:40:50:40:Infinity":12,"s:35:4:41:Infinity":34,"s:41:14:41:Infinity":35,"s:41:14:35:23":36},"fnNames":{}}}
,"C:\\Users\\frank.garzon\\Desktop\\React\\02-first-steps\\src\\shopping_cart\\itemCounter.css": {"path":"C:\\Users\\frank.garzon\\Desktop\\React\\02-first-steps\\src\\shopping_cart\\itemCounter.css","statementMap":{},"fnMap":{},"branchMap":{},"s":{},"f":{},"b":{},"meta":{"lastBranch":0,"lastFunction":0,"lastStatement":0,"seen":{},"fnNames":{}}}
}
